Started GET "/" for 127.0.0.1 at 2021-10-14 16:39:23 +0200
  [1m[35m (1.1ms)[0m  [1m[34mSELECT sqlite_version(*)[0m
Processing by ApplicationController#hello as HTML
  Rendering html template
  Rendered html template (Duration: 0.1ms | Allocations: 32)
Completed 200 OK in 13ms (Views: 4.7ms | ActiveRecord: 0.0ms | Allocations: 5377)


Started GET "/favicon.ico" for 127.0.0.1 at 2021-10-14 16:39:23 +0200
  
ActionController::RoutingError (No route matches [GET] "/favicon.ico"):
  
Started GET "/" for 127.0.0.1 at 2021-10-14 16:43:29 +0200
  [1m[35m (0.8ms)[0m  [1m[34mSELECT sqlite_version(*)[0m
Processing by ApplicationController#hello as HTML
  Rendering html template
  Rendered html template (Duration: 0.3ms | Allocations: 32)
Completed 200 OK in 10ms (Views: 3.1ms | ActiveRecord: 0.0ms | Allocations: 4382)


Started GET "/" for 127.0.0.1 at 2021-10-14 16:44:42 +0200
Processing by ApplicationController#hello as HTML
  Rendering html template
  Rendered html template (Duration: 0.4ms | Allocations: 27)
Completed 200 OK in 15ms (Views: 7.2ms | ActiveRecord: 0.0ms | Allocations: 3035)


Started GET "/" for 127.0.0.1 at 2021-10-14 16:44:45 +0200
Processing by ApplicationController#hello as HTML
  Rendering html template
  Rendered html template (Duration: 0.1ms | Allocations: 27)
Completed 200 OK in 9ms (Views: 0.5ms | ActiveRecord: 0.0ms | Allocations: 2907)


Started GET "/" for 127.0.0.1 at 2021-10-14 16:44:46 +0200
Processing by ApplicationController#hello as HTML
  Rendering html template
  Rendered html template (Duration: 0.2ms | Allocations: 27)
Completed 200 OK in 21ms (Views: 6.7ms | ActiveRecord: 0.0ms | Allocations: 2907)


Started GET "/" for 127.0.0.1 at 2021-10-14 16:44:46 +0200
Processing by ApplicationController#hello as HTML
  Rendering html template
  Rendered html template (Duration: 0.2ms | Allocations: 26)
Completed 200 OK in 20ms (Views: 0.9ms | ActiveRecord: 0.0ms | Allocations: 2904)


Started GET "/" for 127.0.0.1 at 2021-10-14 16:44:47 +0200
Processing by ApplicationController#hello as HTML
  Rendering html template
  Rendered html template (Duration: 0.2ms | Allocations: 27)
Completed 200 OK in 43ms (Views: 2.3ms | ActiveRecord: 0.0ms | Allocations: 2909)


Started GET "/" for 127.0.0.1 at 2021-10-14 16:44:47 +0200
Processing by ApplicationController#hello as HTML
  Rendering html template
  Rendered html template (Duration: 0.1ms | Allocations: 26)
Completed 200 OK in 3ms (Views: 1.4ms | ActiveRecord: 0.0ms | Allocations: 2904)


Started GET "/" for 127.0.0.1 at 2021-10-14 16:44:47 +0200
Processing by ApplicationController#hello as HTML
  Rendering html template
  Rendered html template (Duration: 0.1ms | Allocations: 26)
Completed 200 OK in 3ms (Views: 0.6ms | ActiveRecord: 0.0ms | Allocations: 2904)


Started GET "/" for 127.0.0.1 at 2021-10-14 16:44:47 +0200
Processing by ApplicationController#hello as HTML
  Rendering html template
  Rendered html template (Duration: 0.1ms | Allocations: 26)
Completed 200 OK in 3ms (Views: 0.8ms | ActiveRecord: 0.0ms | Allocations: 2904)


Started GET "/" for 127.0.0.1 at 2021-10-14 16:44:47 +0200
Processing by ApplicationController#hello as HTML
  Rendering html template
  Rendered html template (Duration: 0.1ms | Allocations: 26)
Completed 200 OK in 2ms (Views: 0.4ms | ActiveRecord: 0.0ms | Allocations: 2904)


Started GET "/" for 127.0.0.1 at 2021-10-14 16:44:47 +0200
Processing by ApplicationController#hello as HTML
  Rendering html template
  Rendered html template (Duration: 0.1ms | Allocations: 26)
Completed 200 OK in 2ms (Views: 0.5ms | ActiveRecord: 0.0ms | Allocations: 2904)


Started GET "/" for 127.0.0.1 at 2021-10-14 16:44:48 +0200
Processing by ApplicationController#hello as HTML
  Rendering html template
  Rendered html template (Duration: 0.1ms | Allocations: 26)
Completed 200 OK in 2ms (Views: 0.4ms | ActiveRecord: 0.0ms | Allocations: 2904)


Started GET "/" for 127.0.0.1 at 2021-10-14 16:44:53 +0200
  [1m[35m (0.7ms)[0m  [1m[34mSELECT sqlite_version(*)[0m
Processing by ApplicationController#hello as HTML
  Rendering html template
  Rendered html template (Duration: 0.3ms | Allocations: 32)
Completed 200 OK in 11ms (Views: 2.9ms | ActiveRecord: 0.0ms | Allocations: 4382)


Started GET "/" for 127.0.0.1 at 2021-10-14 16:44:53 +0200
Processing by ApplicationController#hello as HTML
  Rendering html template
  Rendered html template (Duration: 0.3ms | Allocations: 27)
Completed 200 OK in 8ms (Views: 1.6ms | ActiveRecord: 0.0ms | Allocations: 2907)


Started GET "/" for 127.0.0.1 at 2021-10-14 16:44:54 +0200
Processing by ApplicationController#hello as HTML
  Rendering html template
  Rendered html template (Duration: 0.2ms | Allocations: 27)
Completed 200 OK in 35ms (Views: 4.3ms | ActiveRecord: 0.0ms | Allocations: 2909)


Started GET "/" for 127.0.0.1 at 2021-10-14 16:44:54 +0200
Processing by ApplicationController#hello as HTML
  Rendering html template
  Rendered html template (Duration: 0.2ms | Allocations: 27)
Completed 200 OK in 5ms (Views: 1.0ms | ActiveRecord: 0.0ms | Allocations: 2907)


Started GET "/" for 127.0.0.1 at 2021-10-14 16:44:54 +0200
Processing by ApplicationController#hello as HTML
  Rendering html template
  Rendered html template (Duration: 0.1ms | Allocations: 26)
Completed 200 OK in 2ms (Views: 0.7ms | ActiveRecord: 0.0ms | Allocations: 2904)


Started GET "/" for 127.0.0.1 at 2021-10-14 16:44:54 +0200
Processing by ApplicationController#hello as HTML
  Rendering html template
  Rendered html template (Duration: 0.1ms | Allocations: 26)
Completed 200 OK in 2ms (Views: 0.5ms | ActiveRecord: 0.0ms | Allocations: 2906)


Started GET "/" for 127.0.0.1 at 2021-10-14 16:44:55 +0200
Processing by ApplicationController#hello as HTML
  Rendering html template
  Rendered html template (Duration: 0.1ms | Allocations: 26)
Completed 200 OK in 14ms (Views: 0.6ms | ActiveRecord: 0.0ms | Allocations: 2904)


Started GET "/" for 127.0.0.1 at 2021-10-14 16:44:55 +0200
Processing by ApplicationController#hello as HTML
  Rendering html template
  Rendered html template (Duration: 0.1ms | Allocations: 26)
Completed 200 OK in 14ms (Views: 0.5ms | ActiveRecord: 0.0ms | Allocations: 2904)


Started GET "/" for 127.0.0.1 at 2021-10-14 16:44:55 +0200
Processing by ApplicationController#hello as HTML
  Rendering html template
  Rendered html template (Duration: 0.1ms | Allocations: 26)
Completed 200 OK in 9ms (Views: 1.3ms | ActiveRecord: 0.0ms | Allocations: 2904)


Started GET "/" for 127.0.0.1 at 2021-10-14 16:44:55 +0200
Processing by ApplicationController#hello as HTML
  Rendering html template
  Rendered html template (Duration: 0.1ms | Allocations: 26)
Completed 200 OK in 16ms (Views: 5.1ms | ActiveRecord: 0.0ms | Allocations: 2905)


Started GET "/" for 127.0.0.1 at 2021-10-14 16:44:55 +0200
Processing by ApplicationController#hello as HTML
  Rendering html template
  Rendered html template (Duration: 0.1ms | Allocations: 26)
Completed 200 OK in 4ms (Views: 0.6ms | ActiveRecord: 0.0ms | Allocations: 2906)


Started GET "/" for 127.0.0.1 at 2021-10-14 16:44:55 +0200
Processing by ApplicationController#hello as HTML
  Rendering html template
  Rendered html template (Duration: 0.1ms | Allocations: 26)
Completed 200 OK in 2ms (Views: 0.5ms | ActiveRecord: 0.0ms | Allocations: 2904)


Started GET "/" for 127.0.0.1 at 2021-10-14 16:45:04 +0200
Processing by ApplicationController#hello as HTML
  Rendering html template
  Rendered html template (Duration: 0.3ms | Allocations: 27)
Completed 200 OK in 10ms (Views: 3.3ms | ActiveRecord: 0.0ms | Allocations: 3033)


Started GET "/" for 127.0.0.1 at 2021-10-14 16:45:14 +0200
Processing by ApplicationController#hello as HTML
  Rendering html template
  Rendered html template (Duration: 0.6ms | Allocations: 26)
Completed 200 OK in 3ms (Views: 1.5ms | ActiveRecord: 0.0ms | Allocations: 3030)


Started GET "/" for 127.0.0.1 at 2021-10-14 16:45:15 +0200
Processing by ApplicationController#hello as HTML
  Rendering html template
  Rendered html template (Duration: 0.1ms | Allocations: 26)
Completed 200 OK in 3ms (Views: 0.7ms | ActiveRecord: 0.0ms | Allocations: 2904)


Started GET "/" for 127.0.0.1 at 2021-10-14 16:45:15 +0200
Processing by ApplicationController#hello as HTML
  Rendering html template
  Rendered html template (Duration: 0.1ms | Allocations: 26)
Completed 200 OK in 2ms (Views: 0.5ms | ActiveRecord: 0.0ms | Allocations: 2904)


Started GET "/" for 127.0.0.1 at 2021-10-14 16:45:31 +0200
  [1m[35m (0.4ms)[0m  [1m[34mSELECT sqlite_version(*)[0m
Processing by ApplicationController#hello as HTML
  Rendering html template
  Rendered html template (Duration: 0.2ms | Allocations: 32)
Completed 200 OK in 12ms (Views: 3.6ms | ActiveRecord: 0.0ms | Allocations: 4382)


Started GET "/" for 127.0.0.1 at 2021-10-14 16:45:32 +0200
Processing by ApplicationController#hello as HTML
  Rendering html template
  Rendered html template (Duration: 0.2ms | Allocations: 27)
Completed 200 OK in 6ms (Views: 2.7ms | ActiveRecord: 0.0ms | Allocations: 2907)


Started GET "/" for 127.0.0.1 at 2021-10-14 16:45:39 +0200
Processing by ApplicationController#hello as HTML
  Rendering html template
  Rendered html template (Duration: 0.1ms | Allocations: 27)
Completed 200 OK in 12ms (Views: 0.6ms | ActiveRecord: 0.0ms | Allocations: 2909)


Started GET "/" for 127.0.0.1 at 2021-10-14 16:45:54 +0200
Processing by ApplicationController#hello as HTML
Completed 406 Not Acceptable in 18ms (Allocations: 3818)


  
ActionController::MissingExactTemplate (ApplicationController#hello is missing a template for request formats: text/html):
  
actionpack (6.1.3.2) lib/action_controller/metal/implicit_render.rb:45:in `default_render'
actionpack (6.1.3.2) lib/action_controller/metal/basic_implicit_render.rb:6:in `block in send_action'
actionpack (6.1.3.2) lib/action_controller/metal/basic_implicit_render.rb:6:in `tap'
actionpack (6.1.3.2) lib/action_controller/metal/basic_implicit_render.rb:6:in `send_action'
actionpack (6.1.3.2) lib/abstract_controller/base.rb:228:in `process_action'
actionpack (6.1.3.2) lib/action_controller/metal/rendering.rb:30:in `process_action'
actionpack (6.1.3.2) lib/abstract_controller/callbacks.rb:42:in `block in process_action'
activesupport (6.1.3.2) lib/active_support/callbacks.rb:117:in `block in run_callbacks'
actiontext (6.1.3.2) lib/action_text/rendering.rb:20:in `with_renderer'
actiontext (6.1.3.2) lib/action_text/engine.rb:55:in `block (4 levels) in <class:Engine>'
activesupport (6.1.3.2) lib/active_support/callbacks.rb:126:in `instance_exec'
activesupport (6.1.3.2) lib/active_support/callbacks.rb:126:in `block in run_callbacks'
activesupport (6.1.3.2) lib/active_support/callbacks.rb:137:in `run_callbacks'
actionpack (6.1.3.2) lib/abstract_controller/callbacks.rb:41:in `process_action'
actionpack (6.1.3.2) lib/action_controller/metal/rescue.rb:22:in `process_action'
actionpack (6.1.3.2) lib/action_controller/metal/instrumentation.rb:34:in `block in process_action'
activesupport (6.1.3.2) lib/active_support/notifications.rb:203:in `block in instrument'
activesupport (6.1.3.2) lib/active_support/notifications/instrumenter.rb:24:in `instrument'
activesupport (6.1.3.2) lib/active_support/notifications.rb:203:in `instrument'
actionpack (6.1.3.2) lib/action_controller/metal/instrumentation.rb:33:in `process_action'
actionpack (6.1.3.2) lib/action_controller/metal/params_wrapper.rb:249:in `process_action'
activerecord (6.1.3.2) lib/active_record/railties/controller_runtime.rb:27:in `process_action'
actionpack (6.1.3.2) lib/abstract_controller/base.rb:165:in `process'
actionview (6.1.3.2) lib/action_view/rendering.rb:39:in `process'
actionpack (6.1.3.2) lib/action_controller/metal.rb:190:in `dispatch'
actionpack (6.1.3.2) lib/action_controller/metal.rb:254:in `dispatch'
actionpack (6.1.3.2) lib/action_dispatch/routing/route_set.rb:50:in `dispatch'
actionpack (6.1.3.2) lib/action_dispatch/routing/route_set.rb:33:in `serve'
actionpack (6.1.3.2) lib/action_dispatch/journey/router.rb:50:in `block in serve'
actionpack (6.1.3.2) lib/action_dispatch/journey/router.rb:32:in `each'
actionpack (6.1.3.2) lib/action_dispatch/journey/router.rb:32:in `serve'
actionpack (6.1.3.2) lib/action_dispatch/routing/route_set.rb:842:in `call'
rack (2.2.3) lib/rack/tempfile_reaper.rb:15:in `call'
rack (2.2.3) lib/rack/etag.rb:27:in `call'
rack (2.2.3) lib/rack/conditional_get.rb:27:in `call'
rack (2.2.3) lib/rack/head.rb:12:in `call'
actionpack (6.1.3.2) lib/action_dispatch/http/permissions_policy.rb:22:in `call'
actionpack (6.1.3.2) lib/action_dispatch/http/content_security_policy.rb:18:in `call'
rack (2.2.3) lib/rack/session/abstract/id.rb:266:in `context'
rack (2.2.3) lib/rack/session/abstract/id.rb:260:in `call'
actionpack (6.1.3.2) lib/action_dispatch/middleware/cookies.rb:689:in `call'
activerecord (6.1.3.2) lib/active_record/migration.rb:601:in `call'
actionpack (6.1.3.2) lib/action_dispatch/middleware/callbacks.rb:27:in `block in call'
activesupport (6.1.3.2) lib/active_support/callbacks.rb:98:in `run_callbacks'
actionpack (6.1.3.2) lib/action_dispatch/middleware/callbacks.rb:26:in `call'
actionpack (6.1.3.2) lib/action_dispatch/middleware/executor.rb:14:in `call'
actionpack (6.1.3.2) lib/action_dispatch/middleware/actionable_exceptions.rb:18:in `call'
actionpack (6.1.3.2) lib/action_dispatch/middleware/debug_exceptions.rb:29:in `call'
web-console (4.1.0) lib/web_console/middleware.rb:132:in `call_app'
web-console (4.1.0) lib/web_console/middleware.rb:28:in `block in call'
web-console (4.1.0) lib/web_console/middleware.rb:17:in `catch'
web-console (4.1.0) lib/web_console/middleware.rb:17:in `call'
actionpack (6.1.3.2) lib/action_dispatch/middleware/show_exceptions.rb:33:in `call'
railties (6.1.3.2) lib/rails/rack/logger.rb:37:in `call_app'
railties (6.1.3.2) lib/rails/rack/logger.rb:26:in `block in call'
activesupport (6.1.3.2) lib/active_support/tagged_logging.rb:99:in `block in tagged'
activesupport (6.1.3.2) lib/active_support/tagged_logging.rb:37:in `tagged'
activesupport (6.1.3.2) lib/active_support/tagged_logging.rb:99:in `tagged'
railties (6.1.3.2) lib/rails/rack/logger.rb:26:in `call'
sprockets-rails (3.2.2) lib/sprockets/rails/quiet_assets.rb:13:in `call'
actionpack (6.1.3.2) lib/action_dispatch/middleware/remote_ip.rb:81:in `call'
actionpack (6.1.3.2) lib/action_dispatch/middleware/request_id.rb:26:in `call'
rack (2.2.3) lib/rack/method_override.rb:24:in `call'
rack (2.2.3) lib/rack/runtime.rb:22:in `call'
activesupport (6.1.3.2) lib/active_support/cache/strategy/local_cache_middleware.rb:29:in `call'
actionpack (6.1.3.2) lib/action_dispatch/middleware/executor.rb:14:in `call'
actionpack (6.1.3.2) lib/action_dispatch/middleware/static.rb:24:in `call'
rack (2.2.3) lib/rack/sendfile.rb:110:in `call'
actionpack (6.1.3.2) lib/action_dispatch/middleware/host_authorization.rb:92:in `call'
rack-mini-profiler (2.3.1) lib/mini_profiler/profiler.rb:373:in `call'
webpacker (5.4.0) lib/webpacker/dev_server_proxy.rb:25:in `perform_request'
rack-proxy (0.7.0) lib/rack/proxy.rb:63:in `call'
railties (6.1.3.2) lib/rails/engine.rb:539:in `call'
puma (5.3.1) lib/puma/configuration.rb:249:in `call'
puma (5.3.1) lib/puma/request.rb:76:in `block in handle_request'
puma (5.3.1) lib/puma/thread_pool.rb:338:in `with_force_shutdown'
puma (5.3.1) lib/puma/request.rb:75:in `handle_request'
puma (5.3.1) lib/puma/server.rb:437:in `process_client'
puma (5.3.1) lib/puma/thread_pool.rb:145:in `block in spawn_thread'
  [1m[35m (0.4ms)[0m  [1m[34mSELECT sqlite_version(*)[0m
  [1m[35m (12.4ms)[0m  [1m[35mCREATE TABLE "schema_migrations" ("version" varchar NOT NULL PRIMARY KEY)[0m
  [1m[35m (16.6ms)[0m  [1m[35mCREATE TABLE "ar_internal_metadata" ("key" varchar NOT NULL PRIMARY KEY, "value" varchar, "created_at" datetime(6) NOT NULL, "updated_at" datetime(6) NOT NULL)[0m
  [1m[35m (0.2ms)[0m  [1m[34mSELECT "schema_migrations"."version" FROM "schema_migrations" ORDER BY "schema_migrations"."version" ASC[0m
Migrating to CreatePosts (20211014144728)
  [1m[36mTRANSACTION (0.1ms)[0m  [1m[36mbegin transaction[0m
  [1m[35m (0.3ms)[0m  [1m[35mCREATE TABLE "posts" ("id" integer PRIMARY KEY AUTOINCREMENT NOT NULL, "title" varchar, "url" varchar, "text" varchar, "created_at" datetime(6) NOT NULL, "updated_at" datetime(6) NOT NULL)[0m
  [1m[36mActiveRecord::SchemaMigration Create (0.2ms)[0m  [1m[32mINSERT INTO "schema_migrations" ("version") VALUES (?)[0m  [["version", "20211014144728"]]
  [1m[36mTRANSACTION (10.7ms)[0m  [1m[36mcommit transaction[0m
  [1m[36mActiveRecord::InternalMetadata Load (0.2ms)[0m  [1m[34mSELECT "ar_internal_metadata".* FROM "ar_internal_metadata" WHERE "ar_internal_metadata"."key" = ? LIMIT ?[0m  [["key", "environment"], ["LIMIT", 1]]
  [1m[36mTRANSACTION (0.1ms)[0m  [1m[36mbegin transaction[0m
  [1m[36mActiveRecord::InternalMetadata Create (0.3ms)[0m  [1m[32mINSERT INTO "ar_internal_metadata" ("key", "value", "created_at", "updated_at") VALUES (?, ?, ?, ?)[0m  [["key", "environment"], ["value", "development"], ["created_at", "2021-10-14 14:47:36.080346"], ["updated_at", "2021-10-14 14:47:36.080346"]]
  [1m[36mTRANSACTION (26.4ms)[0m  [1m[36mcommit transaction[0m
  [1m[35m (0.1ms)[0m  [1m[34mSELECT sqlite_version(*)[0m
  [1m[35m (0.2ms)[0m  [1m[34mSELECT "schema_migrations"."version" FROM "schema_migrations" ORDER BY "schema_migrations"."version" ASC[0m
Started GET "/" for 127.0.0.1 at 2021-10-14 16:48:12 +0200
  [1m[35m (0.5ms)[0m  [1m[34mSELECT sqlite_version(*)[0m
  [1m[35m (0.2ms)[0m  [1m[34mSELECT "schema_migrations"."version" FROM "schema_migrations" ORDER BY "schema_migrations"."version" ASC[0m
Processing by PostsController#index as HTML
  Rendering layout layouts/application.html.erb
  Rendering posts/index.html.erb within layouts/application
  [1m[36mPost Load (0.2ms)[0m  [1m[34mSELECT "posts".* FROM "posts"[0m
  ↳ app/views/posts/index.html.erb:16
  Rendered posts/index.html.erb within layouts/application (Duration: 4.3ms | Allocations: 1139)
  Rendered layout layouts/application.html.erb (Duration: 71.3ms | Allocations: 14136)
Completed 500 Internal Server Error in 84ms (ActiveRecord: 0.2ms | Allocations: 19598)


  
ActionView::Template::Error (link_tree argument must be a directory):
  
app/assets/config/manifest.js:1
Started GET "/" for 127.0.0.1 at 2021-10-14 16:48:13 +0200
Processing by PostsController#index as HTML
  Rendering layout layouts/application.html.erb
  Rendering posts/index.html.erb within layouts/application
  [1m[36mPost Load (0.2ms)[0m  [1m[34mSELECT "posts".* FROM "posts"[0m
  ↳ app/views/posts/index.html.erb:16
  Rendered posts/index.html.erb within layouts/application (Duration: 4.8ms | Allocations: 801)
  Rendered layout layouts/application.html.erb (Duration: 20.6ms | Allocations: 3222)
Completed 500 Internal Server Error in 24ms (ActiveRecord: 0.2ms | Allocations: 6286)


  
ActionView::Template::Error (link_tree argument must be a directory):
  
app/assets/config/manifest.js:1
Started GET "/posts" for 127.0.0.1 at 2021-10-14 16:49:02 +0200
  [1m[35m (0.4ms)[0m  [1m[34mSELECT sqlite_version(*)[0m
  [1m[35m (0.2ms)[0m  [1m[34mSELECT "schema_migrations"."version" FROM "schema_migrations" ORDER BY "schema_migrations"."version" ASC[0m
Processing by PostsController#index as HTML
  Rendering layout layouts/application.html.erb
  Rendering posts/index.html.erb within layouts/application
  [1m[36mPost Load (0.2ms)[0m  [1m[34mSELECT "posts".* FROM "posts"[0m
  ↳ app/views/posts/index.html.erb:16
  Rendered posts/index.html.erb within layouts/application (Duration: 14.0ms | Allocations: 1139)
  Rendered layout layouts/application.html.erb (Duration: 20.5ms | Allocations: 4281)
Completed 500 Internal Server Error in 34ms (ActiveRecord: 0.2ms | Allocations: 9708)


  
ActionView::Template::Error (link_tree argument must be a directory):
  
app/assets/config/manifest.js:1
Started GET "/posts" for 127.0.0.1 at 2021-10-14 16:49:03 +0200
Processing by PostsController#index as HTML
  Rendering layout layouts/application.html.erb
  Rendering posts/index.html.erb within layouts/application
  [1m[36mPost Load (0.5ms)[0m  [1m[34mSELECT "posts".* FROM "posts"[0m
  ↳ app/views/posts/index.html.erb:16
  Rendered posts/index.html.erb within layouts/application (Duration: 14.7ms | Allocations: 801)
  Rendered layout layouts/application.html.erb (Duration: 32.8ms | Allocations: 3200)
Completed 500 Internal Server Error in 43ms (ActiveRecord: 0.5ms | Allocations: 6264)


  
ActionView::Template::Error (link_tree argument must be a directory):
  
app/assets/config/manifest.js:1
Started GET "/posts" for 127.0.0.1 at 2021-10-14 16:49:04 +0200
Processing by PostsController#index as HTML
  Rendering layout layouts/application.html.erb
  Rendering posts/index.html.erb within layouts/application
  [1m[36mPost Load (0.3ms)[0m  [1m[34mSELECT "posts".* FROM "posts"[0m
  ↳ app/views/posts/index.html.erb:16
  Rendered posts/index.html.erb within layouts/application (Duration: 8.0ms | Allocations: 709)
  Rendered layout layouts/application.html.erb (Duration: 22.1ms | Allocations: 2956)
Completed 500 Internal Server Error in 34ms (ActiveRecord: 0.3ms | Allocations: 5919)


  
ActionView::Template::Error (link_tree argument must be a directory):
  
app/assets/config/manifest.js:1
Started GET "/posts" for 127.0.0.1 at 2021-10-14 16:49:05 +0200
Processing by PostsController#index as HTML
  Rendering layout layouts/application.html.erb
  Rendering posts/index.html.erb within layouts/application
  [1m[36mPost Load (0.4ms)[0m  [1m[34mSELECT "posts".* FROM "posts"[0m
  ↳ app/views/posts/index.html.erb:16
  Rendered posts/index.html.erb within layouts/application (Duration: 11.5ms | Allocations: 709)
  Rendered layout layouts/application.html.erb (Duration: 26.9ms | Allocations: 2956)
Completed 500 Internal Server Error in 37ms (ActiveRecord: 0.4ms | Allocations: 5919)


  
ActionView::Template::Error (link_tree argument must be a directory):
  
app/assets/config/manifest.js:1
Started GET "/posts" for 127.0.0.1 at 2021-10-14 16:49:35 +0200
Processing by PostsController#index as HTML
  Rendering layout layouts/application.html.erb
  Rendering posts/index.html.erb within layouts/application
  [1m[36mPost Load (0.2ms)[0m  [1m[34mSELECT "posts".* FROM "posts"[0m
  ↳ app/views/posts/index.html.erb:16
  Rendered posts/index.html.erb within layouts/application (Duration: 9.0ms | Allocations: 956)
  Rendered layout layouts/application.html.erb (Duration: 20.2ms | Allocations: 3364)
Completed 500 Internal Server Error in 34ms (ActiveRecord: 0.2ms | Allocations: 7041)


  
ActionView::Template::Error (link_tree argument must be a directory):
  
app/assets/config/manifest.js:1
Started GET "/posts" for 127.0.0.1 at 2021-10-14 16:49:36 +0200
Processing by PostsController#index as HTML
  Rendering layout layouts/application.html.erb
  Rendering posts/index.html.erb within layouts/application
  [1m[36mPost Load (0.4ms)[0m  [1m[34mSELECT "posts".* FROM "posts"[0m
  ↳ app/views/posts/index.html.erb:16
  Rendered posts/index.html.erb within layouts/application (Duration: 15.2ms | Allocations: 707)
  Rendered layout layouts/application.html.erb (Duration: 27.8ms | Allocations: 2938)
Completed 500 Internal Server Error in 37ms (ActiveRecord: 0.4ms | Allocations: 5891)


  
ActionView::Template::Error (link_tree argument must be a directory):
  
app/assets/config/manifest.js:1
Started GET "/posts" for 127.0.0.1 at 2021-10-14 16:49:54 +0200
Processing by PostsController#index as HTML
  Rendering layout layouts/application.html.erb
  Rendering posts/index.html.erb within layouts/application
  [1m[36mPost Load (0.3ms)[0m  [1m[34mSELECT "posts".* FROM "posts"[0m
  ↳ app/views/posts/index.html.erb:16
  Rendered posts/index.html.erb within layouts/application (Duration: 5.7ms | Allocations: 701)
  Rendered layout layouts/application.html.erb (Duration: 19.4ms | Allocations: 5014)
Completed 500 Internal Server Error in 25ms (ActiveRecord: 0.3ms | Allocations: 7966)


  
ActionView::Template::Error (application.css):
     6:     <%= csrf_meta_tags %>
     7:     <%= csp_meta_tag %>
     8: 
     9:     <%= stylesheet_link_tag 'application', media: 'all', 'data-turbolinks-track': 'reload' %>
    10:     <%= javascript_pack_tag 'application', 'data-turbolinks-track': 'reload' %>
    11:   </head>
    12: 
  
app/views/layouts/application.html.erb:9
Started GET "/posts" for 127.0.0.1 at 2021-10-14 16:49:55 +0200
Processing by PostsController#index as HTML
  Rendering layout layouts/application.html.erb
  Rendering posts/index.html.erb within layouts/application
  [1m[36mPost Load (0.2ms)[0m  [1m[34mSELECT "posts".* FROM "posts"[0m
  ↳ app/views/posts/index.html.erb:16
  Rendered posts/index.html.erb within layouts/application (Duration: 5.7ms | Allocations: 701)
  Rendered layout layouts/application.html.erb (Duration: 14.2ms | Allocations: 3117)
Completed 500 Internal Server Error in 18ms (ActiveRecord: 0.2ms | Allocations: 6069)


  
ActionView::Template::Error (application.css):
     6:     <%= csrf_meta_tags %>
     7:     <%= csp_meta_tag %>
     8: 
     9:     <%= stylesheet_link_tag 'application', media: 'all', 'data-turbolinks-track': 'reload' %>
    10:     <%= javascript_pack_tag 'application', 'data-turbolinks-track': 'reload' %>
    11:   </head>
    12: 
  
app/views/layouts/application.html.erb:9
Started GET "/posts" for 127.0.0.1 at 2021-10-14 16:49:57 +0200
Processing by PostsController#index as HTML
  Rendering layout layouts/application.html.erb
  Rendering posts/index.html.erb within layouts/application
  [1m[36mPost Load (0.1ms)[0m  [1m[34mSELECT "posts".* FROM "posts"[0m
  ↳ app/views/posts/index.html.erb:16
  Rendered posts/index.html.erb within layouts/application (Duration: 5.0ms | Allocations: 709)
  Rendered layout layouts/application.html.erb (Duration: 11.7ms | Allocations: 3127)
Completed 500 Internal Server Error in 15ms (ActiveRecord: 0.1ms | Allocations: 6090)


  
ActionView::Template::Error (application.css):
     6:     <%= csrf_meta_tags %>
     7:     <%= csp_meta_tag %>
     8: 
     9:     <%= stylesheet_link_tag 'application', media: 'all', 'data-turbolinks-track': 'reload' %>
    10:     <%= javascript_pack_tag 'application', 'data-turbolinks-track': 'reload' %>
    11:   </head>
    12: 
  
app/views/layouts/application.html.erb:9
Started GET "/posts" for 127.0.0.1 at 2021-10-14 16:50:20 +0200
Processing by PostsController#index as HTML
  Rendering layout layouts/application.html.erb
  Rendering posts/index.html.erb within layouts/application
  [1m[36mPost Load (0.2ms)[0m  [1m[34mSELECT "posts".* FROM "posts"[0m
  ↳ app/views/posts/index.html.erb:16
  Rendered posts/index.html.erb within layouts/application (Duration: 3.0ms | Allocations: 701)
  Rendered layout layouts/application.html.erb (Duration: 6.9ms | Allocations: 2973)
Completed 500 Internal Server Error in 10ms (ActiveRecord: 0.2ms | Allocations: 5925)


  
ActionView::Template::Error (link_tree argument must be a directory):
  
app/assets/config/manifest.js:1
Started GET "/posts" for 127.0.0.1 at 2021-10-14 16:50:29 +0200
Processing by PostsController#index as HTML
  Rendering layout layouts/application.html.erb
  Rendering posts/index.html.erb within layouts/application
  [1m[36mPost Load (0.2ms)[0m  [1m[34mSELECT "posts".* FROM "posts"[0m
  ↳ app/views/posts/index.html.erb:16
  Rendered posts/index.html.erb within layouts/application (Duration: 11.1ms | Allocations: 701)
  Rendered layout layouts/application.html.erb (Duration: 18.4ms | Allocations: 2933)
Completed 500 Internal Server Error in 29ms (ActiveRecord: 0.2ms | Allocations: 5885)


  
ActionView::Template::Error (link_tree argument must be a directory):
  
app/assets/config/manifest.js:1
Started GET "/posts" for 127.0.0.1 at 2021-10-14 16:51:08 +0200
Processing by PostsController#index as HTML
  Rendering layout layouts/application.html.erb
  Rendering posts/index.html.erb within layouts/application
  [1m[36mPost Load (0.2ms)[0m  [1m[34mSELECT "posts".* FROM "posts"[0m
  ↳ app/views/posts/index.html.erb:16
  Rendered posts/index.html.erb within layouts/application (Duration: 3.8ms | Allocations: 701)
[Webpacker] Compiling...
[Webpacker] Compilation failed:
yarn run v1.22.15
info Visit https://yarnpkg.com/en/docs/cli/run for documentation about this command.


error Command "webpack" not found.

  Rendered layout layouts/application.html.erb (Duration: 891.4ms | Allocations: 10031)
Completed 500 Internal Server Error in 897ms (ActiveRecord: 0.2ms | Allocations: 12983)


  
ActionView::Template::Error (Webpacker can't find application.js in /home/dani/Documents/ASW/ProyectoASW/public/packs/manifest.json. Possible causes:
1. You want to set webpacker.yml value of compile to true for your environment
   unless you are using the `webpack -w` or the webpack-dev-server.
2. webpack has not yet re-run to reflect updates.
3. You have misconfigured Webpacker's config/webpacker.yml file.
4. Your webpack configuration is not creating a manifest.
Your manifest contains:
{
}
):
     7:     <%= csp_meta_tag %>
     8: 
     9:     <%= stylesheet_link_tag 'application', media: 'all', 'data-turbolinks-track': 'reload' %>
    10:     <%= javascript_pack_tag 'application', 'data-turbolinks-track': 'reload' %>
    11:   </head>
    12: 
    13:   <body>
  
app/views/layouts/application.html.erb:10
Started GET "/posts" for 127.0.0.1 at 2021-10-14 16:51:09 +0200
Processing by PostsController#index as HTML
  Rendering layout layouts/application.html.erb
  Rendering posts/index.html.erb within layouts/application
  [1m[36mPost Load (0.1ms)[0m  [1m[34mSELECT "posts".* FROM "posts"[0m
  ↳ app/views/posts/index.html.erb:16
  Rendered posts/index.html.erb within layouts/application (Duration: 2.2ms | Allocations: 701)
[Webpacker] Compiling...
[Webpacker] Compilation failed:
yarn run v1.22.15
info Visit https://yarnpkg.com/en/docs/cli/run for documentation about this command.


error Command "webpack" not found.

  Rendered layout layouts/application.html.erb (Duration: 817.2ms | Allocations: 5288)
Completed 500 Internal Server Error in 820ms (ActiveRecord: 0.1ms | Allocations: 8240)


  
ActionView::Template::Error (Webpacker can't find application.js in /home/dani/Documents/ASW/ProyectoASW/public/packs/manifest.json. Possible causes:
1. You want to set webpacker.yml value of compile to true for your environment
   unless you are using the `webpack -w` or the webpack-dev-server.
2. webpack has not yet re-run to reflect updates.
3. You have misconfigured Webpacker's config/webpacker.yml file.
4. Your webpack configuration is not creating a manifest.
Your manifest contains:
{
}
):
     7:     <%= csp_meta_tag %>
     8: 
     9:     <%= stylesheet_link_tag 'application', media: 'all', 'data-turbolinks-track': 'reload' %>
    10:     <%= javascript_pack_tag 'application', 'data-turbolinks-track': 'reload' %>
    11:   </head>
    12: 
    13:   <body>
  
app/views/layouts/application.html.erb:10
Started GET "/posts" for 127.0.0.1 at 2021-10-14 16:52:06 +0200
  [1m[35m (0.4ms)[0m  [1m[34mSELECT sqlite_version(*)[0m
  [1m[35m (0.2ms)[0m  [1m[34mSELECT "schema_migrations"."version" FROM "schema_migrations" ORDER BY "schema_migrations"."version" ASC[0m
Processing by PostsController#index as HTML
  Rendering layout layouts/application.html.erb
  Rendering posts/index.html.erb within layouts/application
  [1m[36mPost Load (0.2ms)[0m  [1m[34mSELECT "posts".* FROM "posts"[0m
  ↳ app/views/posts/index.html.erb:16
  Rendered posts/index.html.erb within layouts/application (Duration: 4.5ms | Allocations: 1139)
  Rendered layout layouts/application.html.erb (Duration: 24.7ms | Allocations: 4531)
Completed 500 Internal Server Error in 39ms (ActiveRecord: 0.2ms | Allocations: 9958)


  
ActionView::Template::Error (link_tree argument must be a directory):
  
app/assets/config/manifest.js:1
Started GET "/posts" for 127.0.0.1 at 2021-10-14 16:52:07 +0200
Processing by PostsController#index as HTML
  Rendering layout layouts/application.html.erb
  Rendering posts/index.html.erb within layouts/application
  [1m[36mPost Load (0.3ms)[0m  [1m[34mSELECT "posts".* FROM "posts"[0m
  ↳ app/views/posts/index.html.erb:16
  Rendered posts/index.html.erb within layouts/application (Duration: 4.9ms | Allocations: 801)
  Rendered layout layouts/application.html.erb (Duration: 11.2ms | Allocations: 3200)
Completed 500 Internal Server Error in 16ms (ActiveRecord: 0.3ms | Allocations: 6264)


  
ActionView::Template::Error (link_tree argument must be a directory):
  
app/assets/config/manifest.js:1
Started GET "/posts" for 127.0.0.1 at 2021-10-14 16:52:19 +0200
  
ArgumentError (Missing :controller key on routes definition, please check your routes.):
  
config/routes.rb:4:in `block in <main>'
config/routes.rb:1:in `<main>'
Started GET "/posts" for 127.0.0.1 at 2021-10-14 16:52:23 +0200
Processing by PostsController#index as HTML
  Rendering layout layouts/application.html.erb
  Rendering posts/index.html.erb within layouts/application
  [1m[35m (0.1ms)[0m  [1m[34mSELECT sqlite_version(*)[0m
  ↳ app/views/posts/index.html.erb:16
  [1m[36mPost Load (0.2ms)[0m  [1m[34mSELECT "posts".* FROM "posts"[0m
  ↳ app/views/posts/index.html.erb:16
  Rendered posts/index.html.erb within layouts/application (Duration: 5.4ms | Allocations: 1437)
  Rendered layout layouts/application.html.erb (Duration: 10.8ms | Allocations: 3697)
Completed 500 Internal Server Error in 15ms (ActiveRecord: 0.7ms | Allocations: 7117)


  
ActionView::Template::Error (link_tree argument must be a directory):
  
app/assets/config/manifest.js:1
Started GET "/posts" for 127.0.0.1 at 2021-10-14 16:52:24 +0200
Processing by PostsController#index as HTML
  Rendering layout layouts/application.html.erb
  Rendering posts/index.html.erb within layouts/application
  [1m[36mPost Load (0.1ms)[0m  [1m[34mSELECT "posts".* FROM "posts"[0m
  ↳ app/views/posts/index.html.erb:16
  Rendered posts/index.html.erb within layouts/application (Duration: 2.6ms | Allocations: 709)
  Rendered layout layouts/application.html.erb (Duration: 6.7ms | Allocations: 2966)
Completed 500 Internal Server Error in 12ms (ActiveRecord: 0.1ms | Allocations: 5930)


  
ActionView::Template::Error (link_tree argument must be a directory):
  
app/assets/config/manifest.js:1
Started GET "/posts" for 127.0.0.1 at 2021-10-14 16:52:45 +0200
Processing by PostsController#index as HTML
  Rendering layout layouts/application.html.erb
  Rendering posts/index.html.erb within layouts/application
  [1m[35m (0.1ms)[0m  [1m[34mSELECT sqlite_version(*)[0m
  ↳ app/views/posts/index.html.erb:16
  [1m[36mPost Load (0.2ms)[0m  [1m[34mSELECT "posts".* FROM "posts"[0m
  ↳ app/views/posts/index.html.erb:16
  Rendered posts/index.html.erb within layouts/application (Duration: 4.5ms | Allocations: 1418)
  Rendered layout layouts/application.html.erb (Duration: 7.9ms | Allocations: 3646)
Completed 500 Internal Server Error in 12ms (ActiveRecord: 0.5ms | Allocations: 6992)


  
ActionView::Template::Error (link_tree argument must be a directory):
  
app/assets/config/manifest.js:1
Started GET "/" for 127.0.0.1 at 2021-10-14 16:52:50 +0200
Processing by PostsController#index as HTML
  Rendering layout layouts/application.html.erb
  Rendering posts/index.html.erb within layouts/application
  [1m[36mPost Load (0.1ms)[0m  [1m[34mSELECT "posts".* FROM "posts"[0m
  ↳ app/views/posts/index.html.erb:16
  Rendered posts/index.html.erb within layouts/application (Duration: 3.0ms | Allocations: 701)
  Rendered layout layouts/application.html.erb (Duration: 8.2ms | Allocations: 2933)
Completed 500 Internal Server Error in 13ms (ActiveRecord: 0.1ms | Allocations: 5885)


  
ActionView::Template::Error (link_tree argument must be a directory):
  
app/assets/config/manifest.js:1
Started GET "/" for 127.0.0.1 at 2021-10-14 16:52:57 +0200
Processing by ApplicationController#hello as HTML
  Rendering html template
  Rendered html template (Duration: 0.1ms | Allocations: 27)
Completed 200 OK in 3ms (Views: 1.2ms | Allocations: 3141)


Started GET "/" for 127.0.0.1 at 2021-10-14 16:52:58 +0200
Processing by ApplicationController#hello as HTML
  Rendering html template
  Rendered html template (Duration: 0.1ms | Allocations: 26)
Completed 200 OK in 3ms (Views: 0.6ms | Allocations: 2904)


Started GET "/" for 127.0.0.1 at 2021-10-14 16:54:01 +0200
Processing by PostsController#index as HTML
  Rendering layout layouts/application.html.erb
  Rendering posts/index.html.erb within layouts/application
  [1m[35m (0.1ms)[0m  [1m[34mSELECT sqlite_version(*)[0m
  ↳ app/views/posts/index.html.erb:16
  [1m[36mPost Load (0.2ms)[0m  [1m[34mSELECT "posts".* FROM "posts"[0m
  ↳ app/views/posts/index.html.erb:16
  Rendered posts/index.html.erb within layouts/application (Duration: 6.4ms | Allocations: 1418)
  Rendered layout layouts/application.html.erb (Duration: 11.5ms | Allocations: 3656)
Completed 500 Internal Server Error in 17ms (ActiveRecord: 0.7ms | Allocations: 7003)


  
ActionView::Template::Error (link_tree argument must be a directory):
  
app/assets/config/manifest.js:1
Started GET "/favicon.ico" for 127.0.0.1 at 2021-10-14 16:54:01 +0200
  
ActionController::RoutingError (No route matches [GET] "/favicon.ico"):
  
Started GET "/" for 127.0.0.1 at 2021-10-14 16:54:02 +0200
Processing by PostsController#index as HTML
  Rendering layout layouts/application.html.erb
  Rendering posts/index.html.erb within layouts/application
  [1m[36mPost Load (0.4ms)[0m  [1m[34mSELECT "posts".* FROM "posts"[0m
  ↳ app/views/posts/index.html.erb:16
  Rendered posts/index.html.erb within layouts/application (Duration: 7.9ms | Allocations: 709)
  Rendered layout layouts/application.html.erb (Duration: 20.4ms | Allocations: 2945)
Completed 500 Internal Server Error in 34ms (ActiveRecord: 0.4ms | Allocations: 5904)


  
ActionView::Template::Error (link_tree argument must be a directory):
  
app/assets/config/manifest.js:1
Started GET "/" for 127.0.0.1 at 2021-10-14 16:55:00 +0200
Processing by PostsController#index as HTML
  Rendering layout layouts/application.html.erb
  Rendering posts/index.html.erb within layouts/application
  [1m[36mPost Load (0.6ms)[0m  [1m[34mSELECT "posts".* FROM "posts"[0m
  ↳ app/views/posts/index.html.erb:16
  Rendered posts/index.html.erb within layouts/application (Duration: 17.4ms | Allocations: 701)
[Webpacker] Compiling...
[Webpacker] Compilation failed:
yarn run v1.22.15
info Visit https://yarnpkg.com/en/docs/cli/run for documentation about this command.


error Command "webpack" not found.

  Rendered layout layouts/application.html.erb (Duration: 854.6ms | Allocations: 9236)
Completed 500 Internal Server Error in 862ms (ActiveRecord: 0.6ms | Allocations: 12188)


  
ActionView::Template::Error (Webpacker can't find application.js in /home/dani/Documents/ASW/ProyectoASW/public/packs/manifest.json. Possible causes:
1. You want to set webpacker.yml value of compile to true for your environment
   unless you are using the `webpack -w` or the webpack-dev-server.
2. webpack has not yet re-run to reflect updates.
3. You have misconfigured Webpacker's config/webpacker.yml file.
4. Your webpack configuration is not creating a manifest.
Your manifest contains:
{
}
):
     7:     <%= csp_meta_tag %>
     8: 
     9:     <%= stylesheet_link_tag 'application', media: 'all', 'data-turbolinks-track': 'reload' %>
    10:     <%= javascript_pack_tag 'application', 'data-turbolinks-track': 'reload' %>
    11:   </head>
    12: 
    13:   <body>
  
app/views/layouts/application.html.erb:10
Started GET "/" for 127.0.0.1 at 2021-10-14 16:55:03 +0200
Processing by PostsController#index as HTML
  Rendering layout layouts/application.html.erb
  Rendering posts/index.html.erb within layouts/application
  [1m[36mPost Load (0.5ms)[0m  [1m[34mSELECT "posts".* FROM "posts"[0m
  ↳ app/views/posts/index.html.erb:16
  Rendered posts/index.html.erb within layouts/application (Duration: 14.4ms | Allocations: 701)
[Webpacker] Compiling...
[Webpacker] Compilation failed:
yarn run v1.22.15
info Visit https://yarnpkg.com/en/docs/cli/run for documentation about this command.


error Command "webpack" not found.

  Rendered layout layouts/application.html.erb (Duration: 825.1ms | Allocations: 5290)
Completed 500 Internal Server Error in 835ms (ActiveRecord: 0.5ms | Allocations: 8244)


  
ActionView::Template::Error (Webpacker can't find application.js in /home/dani/Documents/ASW/ProyectoASW/public/packs/manifest.json. Possible causes:
1. You want to set webpacker.yml value of compile to true for your environment
   unless you are using the `webpack -w` or the webpack-dev-server.
2. webpack has not yet re-run to reflect updates.
3. You have misconfigured Webpacker's config/webpacker.yml file.
4. Your webpack configuration is not creating a manifest.
Your manifest contains:
{
}
):
     7:     <%= csp_meta_tag %>
     8: 
     9:     <%= stylesheet_link_tag 'application', media: 'all', 'data-turbolinks-track': 'reload' %>
    10:     <%= javascript_pack_tag 'application', 'data-turbolinks-track': 'reload' %>
    11:   </head>
    12: 
    13:   <body>
  
app/views/layouts/application.html.erb:10
Started GET "/" for 127.0.0.1 at 2021-10-14 16:55:57 +0200
  [1m[35m (0.4ms)[0m  [1m[34mSELECT sqlite_version(*)[0m
  [1m[35m (0.2ms)[0m  [1m[34mSELECT "schema_migrations"."version" FROM "schema_migrations" ORDER BY "schema_migrations"."version" ASC[0m
Processing by PostsController#index as HTML
  Rendering layout layouts/application.html.erb
  Rendering posts/index.html.erb within layouts/application
  [1m[36mPost Load (0.2ms)[0m  [1m[34mSELECT "posts".* FROM "posts"[0m
  ↳ app/views/posts/index.html.erb:16
  Rendered posts/index.html.erb within layouts/application (Duration: 5.1ms | Allocations: 1139)
[Webpacker] Compiling...
[Webpacker] Compiled all packs in /home/dani/Documents/ASW/ProyectoASW/public/packs
[Webpacker] Though the "loose" option was set to "false" in your @babel/preset-env config, it will not be used for @babel/plugin-proposal-private-property-in-object since the "loose" mode option was set to "true" for @babel/plugin-proposal-class-properties.
The "loose" option must be the same for @babel/plugin-proposal-class-properties, @babel/plugin-proposal-private-methods and @babel/plugin-proposal-private-property-in-object (when they are enabled): you can silence this warning by explicitly adding
	["@babel/plugin-proposal-private-property-in-object", { "loose": true }]
to the "plugins" section of your Babel config.
Though the "loose" option was set to "false" in your @babel/preset-env config, it will not be used for @babel/plugin-proposal-private-methods since the "loose" mode option was set to "true" for @babel/plugin-proposal-private-property-in-object.
The "loose" option must be the same for @babel/plugin-proposal-class-properties, @babel/plugin-proposal-private-methods and @babel/plugin-proposal-private-property-in-object (when they are enabled): you can silence this warning by explicitly adding
	["@babel/plugin-proposal-private-methods", { "loose": true }]
to the "plugins" section of your Babel config.
Though the "loose" option was set to "false" in your @babel/preset-env config, it will not be used for @babel/plugin-proposal-private-property-in-object since the "loose" mode option was set to "true" for @babel/plugin-proposal-class-properties.
The "loose" option must be the same for @babel/plugin-proposal-class-properties, @babel/plugin-proposal-private-methods and @babel/plugin-proposal-private-property-in-object (when they are enabled): you can silence this warning by explicitly adding
	["@babel/plugin-proposal-private-property-in-object", { "loose": true }]
to the "plugins" section of your Babel config.
Though the "loose" option was set to "false" in your @babel/preset-env config, it will not be used for @babel/plugin-proposal-private-methods since the "loose" mode option was set to "true" for @babel/plugin-proposal-private-property-in-object.
The "loose" option must be the same for @babel/plugin-proposal-class-properties, @babel/plugin-proposal-private-methods and @babel/plugin-proposal-private-property-in-object (when they are enabled): you can silence this warning by explicitly adding
	["@babel/plugin-proposal-private-methods", { "loose": true }]
to the "plugins" section of your Babel config.
Though the "loose" option was set to "false" in your @babel/preset-env config, it will not be used for @babel/plugin-proposal-private-property-in-object since the "loose" mode option was set to "true" for @babel/plugin-proposal-class-properties.
The "loose" option must be the same for @babel/plugin-proposal-class-properties, @babel/plugin-proposal-private-methods and @babel/plugin-proposal-private-property-in-object (when they are enabled): you can silence this warning by explicitly adding
	["@babel/plugin-proposal-private-property-in-object", { "loose": true }]
to the "plugins" section of your Babel config.
Though the "loose" option was set to "false" in your @babel/preset-env config, it will not be used for @babel/plugin-proposal-private-methods since the "loose" mode option was set to "true" for @babel/plugin-proposal-private-property-in-object.
The "loose" option must be the same for @babel/plugin-proposal-class-properties, @babel/plugin-proposal-private-methods and @babel/plugin-proposal-private-property-in-object (when they are enabled): you can silence this warning by explicitly adding
	["@babel/plugin-proposal-private-methods", { "loose": true }]
to the "plugins" section of your Babel config.
Though the "loose" option was set to "false" in your @babel/preset-env config, it will not be used for @babel/plugin-proposal-private-property-in-object since the "loose" mode option was set to "true" for @babel/plugin-proposal-class-properties.
The "loose" option must be the same for @babel/plugin-proposal-class-properties, @babel/plugin-proposal-private-methods and @babel/plugin-proposal-private-property-in-object (when they are enabled): you can silence this warning by explicitly adding
	["@babel/plugin-proposal-private-property-in-object", { "loose": true }]
to the "plugins" section of your Babel config.
Though the "loose" option was set to "false" in your @babel/preset-env config, it will not be used for @babel/plugin-proposal-private-methods since the "loose" mode option was set to "true" for @babel/plugin-proposal-private-property-in-object.
The "loose" option must be the same for @babel/plugin-proposal-class-properties, @babel/plugin-proposal-private-methods and @babel/plugin-proposal-private-property-in-object (when they are enabled): you can silence this warning by explicitly adding
	["@babel/plugin-proposal-private-methods", { "loose": true }]
to the "plugins" section of your Babel config.
Though the "loose" option was set to "false" in your @babel/preset-env config, it will not be used for @babel/plugin-proposal-private-property-in-object since the "loose" mode option was set to "true" for @babel/plugin-proposal-class-properties.
The "loose" option must be the same for @babel/plugin-proposal-class-properties, @babel/plugin-proposal-private-methods and @babel/plugin-proposal-private-property-in-object (when they are enabled): you can silence this warning by explicitly adding
	["@babel/plugin-proposal-private-property-in-object", { "loose": true }]
to the "plugins" section of your Babel config.
Though the "loose" option was set to "false" in your @babel/preset-env config, it will not be used for @babel/plugin-proposal-private-methods since the "loose" mode option was set to "true" for @babel/plugin-proposal-private-property-in-object.
The "loose" option must be the same for @babel/plugin-proposal-class-properties, @babel/plugin-proposal-private-methods and @babel/plugin-proposal-private-property-in-object (when they are enabled): you can silence this warning by explicitly adding
	["@babel/plugin-proposal-private-methods", { "loose": true }]
to the "plugins" section of your Babel config.
Though the "loose" option was set to "false" in your @babel/preset-env config, it will not be used for @babel/plugin-proposal-private-property-in-object since the "loose" mode option was set to "true" for @babel/plugin-proposal-class-properties.
The "loose" option must be the same for @babel/plugin-proposal-class-properties, @babel/plugin-proposal-private-methods and @babel/plugin-proposal-private-property-in-object (when they are enabled): you can silence this warning by explicitly adding
	["@babel/plugin-proposal-private-property-in-object", { "loose": true }]
to the "plugins" section of your Babel config.
Though the "loose" option was set to "false" in your @babel/preset-env config, it will not be used for @babel/plugin-proposal-private-methods since the "loose" mode option was set to "true" for @babel/plugin-proposal-private-property-in-object.
The "loose" option must be the same for @babel/plugin-proposal-class-properties, @babel/plugin-proposal-private-methods and @babel/plugin-proposal-private-property-in-object (when they are enabled): you can silence this warning by explicitly adding
	["@babel/plugin-proposal-private-methods", { "loose": true }]
to the "plugins" section of your Babel config.

[Webpacker] Hash: e2a8a876c5815bee1e21
Version: webpack 4.46.0
Time: 1697ms
Built at: 10/14/2021 4:56:01 PM
                                     Asset       Size       Chunks                         Chunk Names
    js/application-e421b4aa3f716bebdab1.js    125 KiB  application  [emitted] [immutable]  application
js/application-e421b4aa3f716bebdab1.js.map    139 KiB  application  [emitted] [dev]        application
                             manifest.json  364 bytes               [emitted]              
Entrypoint application = js/application-e421b4aa3f716bebdab1.js js/application-e421b4aa3f716bebdab1.js.map
[./app/javascript/channels sync recursive _channel\.js$] ./app/javascript/channels sync _channel\.js$ 160 bytes {application} [built]
[./app/javascript/channels/index.js] 211 bytes {application} [built]
[./app/javascript/packs/application.js] 492 bytes {application} [built]
[./node_modules/webpack/buildin/module.js] (webpack)/buildin/module.js 552 bytes {application} [built]
    + 3 hidden modules

  Rendered layout layouts/application.html.erb (Duration: 3183.6ms | Allocations: 21669)
Completed 200 OK in 3194ms (Views: 3185.3ms | ActiveRecord: 0.2ms | Allocations: 27129)


Started GET "/" for 127.0.0.1 at 2021-10-14 16:56:09 +0200
Processing by PostsController#index as HTML
  Rendering layout layouts/application.html.erb
  Rendering posts/index.html.erb within layouts/application
  [1m[36mPost Load (0.4ms)[0m  [1m[34mSELECT "posts".* FROM "posts"[0m
  ↳ app/views/posts/index.html.erb:16
  Rendered posts/index.html.erb within layouts/application (Duration: 8.3ms | Allocations: 708)
[Webpacker] Everything's up-to-date. Nothing to do
  Rendered layout layouts/application.html.erb (Duration: 34.3ms | Allocations: 3721)
Completed 200 OK in 39ms (Views: 36.4ms | ActiveRecord: 0.4ms | Allocations: 4117)


Started GET "/" for 127.0.0.1 at 2021-10-14 16:56:10 +0200
Processing by PostsController#index as HTML
  Rendering layout layouts/application.html.erb
  Rendering posts/index.html.erb within layouts/application
  [1m[36mPost Load (0.1ms)[0m  [1m[34mSELECT "posts".* FROM "posts"[0m
  ↳ app/views/posts/index.html.erb:16
  Rendered posts/index.html.erb within layouts/application (Duration: 3.3ms | Allocations: 970)
[Webpacker] Everything's up-to-date. Nothing to do
  Rendered layout layouts/application.html.erb (Duration: 10.4ms | Allocations: 4157)
Completed 200 OK in 13ms (Views: 11.8ms | ActiveRecord: 0.1ms | Allocations: 5278)


Started GET "/" for 127.0.0.1 at 2021-10-14 16:56:14 +0200
Processing by PostsController#index as HTML
  Rendering layout layouts/application.html.erb
  Rendering posts/index.html.erb within layouts/application
  [1m[36mPost Load (0.1ms)[0m  [1m[34mSELECT "posts".* FROM "posts"[0m
  ↳ app/views/posts/index.html.erb:16
  Rendered posts/index.html.erb within layouts/application (Duration: 3.7ms | Allocations: 965)
[Webpacker] Everything's up-to-date. Nothing to do
  Rendered layout layouts/application.html.erb (Duration: 12.1ms | Allocations: 4165)
Completed 200 OK in 16ms (Views: 13.7ms | ActiveRecord: 0.1ms | Allocations: 5280)


